Using pre-set license
Built from '2020.2/release' branch; Version is '2020.2.4f1 (becced5a802b) revision 12504301'; Using compiler version '192528614'; Build Type 'Release'
OS: 'Windows 10 Home; OS build 19043.1415; Version 2009; 64bit' Language: 'en' Physical Memory: 7869 MB
BatchMode: 1, IsHumanControllingUs: 0, StartBugReporterOnCrash: 0, Is64bit: 1, IsPro: 0

 COMMAND LINE ARGUMENTS:
C:\Program Files\Unity\Hub\Editor\2020.2.4f1\Editor\Unity.exe
-adb2
-batchMode
-noUpm
-name
AssetImportWorker0
-projectPath
C:/Users/table/Documents/Machine Code/Unity/Xiangqi
-logFile
Logs/AssetImportWorker0.log
-srvPort
50476
Successfully changed project path to: C:/Users/table/Documents/Machine Code/Unity/Xiangqi
C:/Users/table/Documents/Machine Code/Unity/Xiangqi
Using Asset Import Pipeline V2.
Refreshing native plugins compatible for Editor in 53.45 ms, found 1 plugins.
Preloading 0 native plugins for Editor in 0.00 ms.
Initialize engine version: 2020.2.4f1 (becced5a802b)
[Subsystems] Discovering subsystems at path C:/Program Files/Unity/Hub/Editor/2020.2.4f1/Editor/Data/Resources/UnitySubsystems
[Subsystems] Discovering subsystems at path C:/Users/table/Documents/Machine Code/Unity/Xiangqi/Assets
GfxDevice: creating device client; threaded=0
Direct3D:
    Version:  Direct3D 11.0 [level 11.1]
    Renderer: Intel(R) Iris(R) Plus Graphics (ID=0x8a52)
    Vendor:   
    VRAM:     3934 MB
    Driver:   27.20.100.8280
Initialize mono
Mono path[0] = 'C:/Program Files/Unity/Hub/Editor/2020.2.4f1/Editor/Data/Managed'
Mono path[1] = 'C:/Program Files/Unity/Hub/Editor/2020.2.4f1/Editor/Data/MonoBleedingEdge/lib/mono/unityjit'
Mono config path = 'C:/Program Files/Unity/Hub/Editor/2020.2.4f1/Editor/Data/MonoBleedingEdge/etc'
Using monoOptions --debugger-agent=transport=dt_socket,embedding=1,server=y,suspend=n,address=127.0.0.1:56004
Begin MonoManager ReloadAssembly
Registering precompiled unity dll's ...
Register platform support module: C:/Program Files/Unity/Hub/Editor/2020.2.4f1/Editor/Data/PlaybackEngines/WebGLSupport/UnityEditor.WebGL.Extensions.dll
Register platform support module: C:/Program Files/Unity/Hub/Editor/2020.2.4f1/Editor/Data/PlaybackEngines/WindowsStandaloneSupport/UnityEditor.WindowsStandalone.Extensions.dll
Registered in 0.002672 seconds.
Native extension for WindowsStandalone target not found
Native extension for WebGL target not found
Refreshing native plugins compatible for Editor in 52.83 ms, found 1 plugins.
Preloading 0 native plugins for Editor in 0.00 ms.
Invoked RoslynAnalysisRunner static constructor.
RoslynAnalysisRunner will not be running.
RoslynAnalysisRunner has terminated.
Mono: successfully reloaded assembly
- Completed reload, in  1.671 seconds
Platform modules already initialized, skipping
Registering precompiled user dll's ...
Registered in 0.001867 seconds.
Begin MonoManager ReloadAssembly
Native extension for WindowsStandalone target not found
Native extension for WebGL target not found
Refreshing native plugins compatible for Editor in 48.21 ms, found 1 plugins.
Preloading 0 native plugins for Editor in 0.00 ms.
Invoked RoslynAnalysisRunner static constructor.
RoslynAnalysisRunner will not be running.
RoslynAnalysisRunner has terminated.
Mono: successfully reloaded assembly
- Completed reload, in  1.388 seconds
Platform modules already initialized, skipping
========================================================================
Worker process is ready to serve import requests
Launched and connected shader compiler UnityShaderCompiler.exe after 0.06 seconds
Refreshing native plugins compatible for Editor in 0.41 ms, found 1 plugins.
Preloading 0 native plugins for Editor in 0.00 ms.
Unloading 1805 Unused Serialized files (Serialized files now loaded: 0)
System memory in use before: 85.0 MB.
System memory in use after: 84.9 MB.

Unloading 25 unused Assets to reduce memory usage. Loaded Objects now: 2252.
Total: 2.958200 ms (FindLiveObjects: 0.307900 ms CreateObjectMapping: 0.114900 ms MarkObjects: 2.341100 ms  DeleteObjects: 0.192100 ms)

========================================================================
Received Import Request.
  path: Assets/Weapons.cs
  artifactKey: Guid(caa8ee0f7dc89a241a708aadbb1bd157) Importer(815301076,1909f56bfc062723c751e8b465ee728b)
Start importing Assets/Weapons.cs using Guid(caa8ee0f7dc89a241a708aadbb1bd157) Importer(815301076,1909f56bfc062723c751e8b465ee728b)  -> (artifact id: '2c8f4bbc48bb1be6dfc562d913b2f25f') in 0.043478 seconds
  Import took 0.048491 seconds .

========================================================================
Received Import Request.
  Time since last request: 4.962245 seconds.
  path: Assets/Weapons.cs
  artifactKey: Guid(caa8ee0f7dc89a241a708aadbb1bd157) Importer(815301076,1909f56bfc062723c751e8b465ee728b)
Start importing Assets/Weapons.cs using Guid(caa8ee0f7dc89a241a708aadbb1bd157) Importer(815301076,1909f56bfc062723c751e8b465ee728b)  -> (artifact id: 'd315dda907cc86024c87f34f4440014d') in 0.003279 seconds
  Import took 0.012228 seconds .

========================================================================
Received Import Request.
  Time since last request: 0.002838 seconds.
  path: Assets/Weapons.cs
  artifactKey: Guid(caa8ee0f7dc89a241a708aadbb1bd157) Importer(815301076,1909f56bfc062723c751e8b465ee728b)
Start importing Assets/Weapons.cs using Guid(caa8ee0f7dc89a241a708aadbb1bd157) Importer(815301076,1909f56bfc062723c751e8b465ee728b)  -> (artifact id: 'd315dda907cc86024c87f34f4440014d') in 0.003008 seconds
  Import took 0.010770 seconds .

========================================================================
Received Import Request.
  Time since last request: 26.026934 seconds.
  path: Assets/Weapons.cs
  artifactKey: Guid(caa8ee0f7dc89a241a708aadbb1bd157) Importer(815301076,1909f56bfc062723c751e8b465ee728b)
Start importing Assets/Weapons.cs using Guid(caa8ee0f7dc89a241a708aadbb1bd157) Importer(815301076,1909f56bfc062723c751e8b465ee728b)  -> (artifact id: '2484bf403590a2c8cc25adbcf1a751f9') in 0.003174 seconds
  Import took 0.012581 seconds .

========================================================================
Received Import Request.
  Time since last request: 3.881464 seconds.
  path: Assets/Weapons.cs
  artifactKey: Guid(caa8ee0f7dc89a241a708aadbb1bd157) Importer(815301076,1909f56bfc062723c751e8b465ee728b)
Start importing Assets/Weapons.cs using Guid(caa8ee0f7dc89a241a708aadbb1bd157) Importer(815301076,1909f56bfc062723c751e8b465ee728b)  -> (artifact id: '01841e66424704962ca7be0a47ea32ed') in 0.002909 seconds
  Import took 0.008072 seconds .

========================================================================
Received Prepare
Registering precompiled user dll's ...
Registered in 0.004088 seconds.
Begin MonoManager ReloadAssembly
Native extension for WindowsStandalone target not found
Native extension for WebGL target not found
Refreshing native plugins compatible for Editor in 0.57 ms, found 1 plugins.
Preloading 0 native plugins for Editor in 0.00 ms.
Invoked RoslynAnalysisRunner static constructor.
RoslynAnalysisRunner will not be running.
RoslynAnalysisRunner has terminated.
Mono: successfully reloaded assembly
- Completed reload, in  1.203 seconds
Platform modules already initialized, skipping
Refreshing native plugins compatible for Editor in 0.34 ms, found 1 plugins.
Preloading 0 native plugins for Editor in 0.00 ms.
Unloading 1800 Unused Serialized files (Serialized files now loaded: 0)
System memory in use before: 84.9 MB.
System memory in use after: 84.9 MB.

Unloading 13 unused Assets to reduce memory usage. Loaded Objects now: 2255.
Total: 2.695400 ms (FindLiveObjects: 0.253900 ms CreateObjectMapping: 0.070600 ms MarkObjects: 2.176000 ms  DeleteObjects: 0.192700 ms)

========================================================================
Received Import Request.
  Time since last request: 46.600354 seconds.
  path: Assets/RangeEditor.cs
  artifactKey: Guid(ccc4431b73be7614abd191785f4cb996) Importer(815301076,1909f56bfc062723c751e8b465ee728b)
Start importing Assets/RangeEditor.cs using Guid(ccc4431b73be7614abd191785f4cb996) Importer(815301076,1909f56bfc062723c751e8b465ee728b)  -> (artifact id: '10b7bd1f5fbb5fda8b20e4cfcf6da13b') in 0.009933 seconds
  Import took 0.016819 seconds .

========================================================================
Received Prepare
Registering precompiled user dll's ...
Registered in 0.001246 seconds.
Begin MonoManager ReloadAssembly
Native extension for WindowsStandalone target not found
Native extension for WebGL target not found
Refreshing native plugins compatible for Editor in 0.54 ms, found 1 plugins.
Preloading 0 native plugins for Editor in 0.00 ms.
Invoked RoslynAnalysisRunner static constructor.
RoslynAnalysisRunner will not be running.
RoslynAnalysisRunner has terminated.
Mono: successfully reloaded assembly
- Completed reload, in  1.259 seconds
Platform modules already initialized, skipping
Refreshing native plugins compatible for Editor in 0.38 ms, found 1 plugins.
Preloading 0 native plugins for Editor in 0.00 ms.
Unloading 1801 Unused Serialized files (Serialized files now loaded: 0)
System memory in use before: 85.0 MB.
System memory in use after: 85.0 MB.

Unloading 13 unused Assets to reduce memory usage. Loaded Objects now: 2259.
Total: 2.444400 ms (FindLiveObjects: 0.386000 ms CreateObjectMapping: 0.072400 ms MarkObjects: 1.872100 ms  DeleteObjects: 0.112600 ms)

========================================================================
Received Prepare
Registering precompiled user dll's ...
Registered in 0.001193 seconds.
Begin MonoManager ReloadAssembly
Native extension for WindowsStandalone target not found
Native extension for WebGL target not found
Refreshing native plugins compatible for Editor in 0.45 ms, found 1 plugins.
Preloading 0 native plugins for Editor in 0.00 ms.
Invoked RoslynAnalysisRunner static constructor.
RoslynAnalysisRunner will not be running.
RoslynAnalysisRunner has terminated.
Mono: successfully reloaded assembly
- Completed reload, in  1.295 seconds
Platform modules already initialized, skipping
Refreshing native plugins compatible for Editor in 0.32 ms, found 1 plugins.
Preloading 0 native plugins for Editor in 0.00 ms.
Unloading 1801 Unused Serialized files (Serialized files now loaded: 0)
System memory in use before: 85.0 MB.
System memory in use after: 85.0 MB.

Unloading 13 unused Assets to reduce memory usage. Loaded Objects now: 2262.
Total: 2.099300 ms (FindLiveObjects: 0.222000 ms CreateObjectMapping: 0.087200 ms MarkObjects: 1.623900 ms  DeleteObjects: 0.165300 ms)

========================================================================
Received Import Request.
  Time since last request: 101.447288 seconds.
  path: Assets/RangeEditor.cs
  artifactKey: Guid(ccc4431b73be7614abd191785f4cb996) Importer(815301076,1909f56bfc062723c751e8b465ee728b)
Start importing Assets/RangeEditor.cs using Guid(ccc4431b73be7614abd191785f4cb996) Importer(815301076,1909f56bfc062723c751e8b465ee728b)  -> (artifact id: 'f466fdb52af18a56223dcdd2ff1ae941') in 0.006873 seconds
  Import took 0.014915 seconds .

AssetImportWorkerClient::OnTransportError - code=2 error=End of file
